<?xml version="1.0" encoding="UTF-8"?>
<!-- Generated by org.testng.reporters.JUnitReportReporter -->
<testsuite skipped="0" hostname="DESKTOP-6J22HLL" name="org.login.Tpara" tests="3" failures="0" timestamp="23 Jun 2022 16:48:35 GMT" time="7.225" errors="0">
  <testcase name="select" time="1.926" classname="org.login.Tpara"/>
  <testcase name="search" time="2.738" classname="org.login.Tpara"/>
  <testcase name="login" time="2.561" classname="org.login.Tpara"/>
</testsuite> <!-- org.login.Tpara -->
