<?xml version="1.0" encoding="UTF-8"?>
<!-- Generated by org.testng.reporters.JUnitReportReporter -->
<testsuite skipped="0" hostname="DESKTOP-6J22HLL" name="org.sample.Test2" tests="1" failures="0" timestamp="22 Jun 2022 15:29:38 GMT" time="3.558" errors="0">
  <testcase name="Tc1" time="3.558" classname="org.sample.Test2"/>
</testsuite> <!-- org.sample.Test2 -->
