<?xml version="1.0" encoding="UTF-8"?>
<!-- Generated by org.testng.reporters.JUnitReportReporter -->
<testsuite skipped="0" hostname="DESKTOP-6J22HLL" name="org.demo.Data" tests="3" failures="0" timestamp="23 Jun 2022 16:50:24 GMT" time="6.849" errors="0">
  <testcase name="login" time="1.500" classname="org.demo.Data"/>
  <testcase name="login" time="1.333" classname="org.demo.Data"/>
  <testcase name="login" time="4.016" classname="org.demo.Data"/>
</testsuite> <!-- org.demo.Data -->
