<?xml version="1.0" encoding="UTF-8"?>
<!-- Generated by org.testng.reporters.JUnitReportReporter -->
<testsuite skipped="0" hostname="DESKTOP-6J22HLL" name="PracticeNG" tests="3" failures="0" timestamp="22 Jun 2022 12:41:16 GMT" time="22.290" errors="0">
  <testcase name="tc2" time="4.921" classname="PracticeNG"/>
  <testcase name="tc3" time="1.789" classname="PracticeNG"/>
  <testcase name="tc1" time="15.580" classname="PracticeNG"/>
</testsuite> <!-- PracticeNG -->
