<?xml version="1.0" encoding="UTF-8"?>
<!-- Generated by org.testng.reporters.JUnitReportReporter -->
<testsuite skipped="0" hostname="DESKTOP-6J22HLL" name="org.login.ParallelMethods" tests="2" failures="0" timestamp="24 Jun 2022 06:40:26 GMT" time="1.336" errors="0">
  <testcase name="login" time="1.333" classname="org.login.ParallelMethods"/>
  <testcase name="tc1" time="0.003" classname="org.login.ParallelMethods"/>
</testsuite> <!-- org.login.ParallelMethods -->
